# JRE version: OpenJDK Runtime Environment (21.0.4) (build 21.0.4+-12508038-b607.1)
# Java VM: OpenJDK 64-Bit Server VM (21.0.4+-12508038-b607.1, mixed mode, tiered, compressed oops, compressed class ptrs, g1 gc, windows-amd64)
GC Precious Log:
 CardTable entry size: 512
 Card Set container configuration: InlinePtr #cards 5 size 8 Array Of Cards #cards 12 size 40 Howl #buckets 4 coarsen threshold 1843 Howl Bitmap #cards 512 size 80 coarsen threshold 460 Card regions per heap region 1 cards per card region 2048
 CPUs: 4 total, 4 available
 Memory: 3976M
 Large Page Support: Disabled
 NUMA Support: Disabled
 Compressed Oops: Enabled (32-bit)
 Heap Region Size: 1M
 Heap Min Capacity: 8M
 Heap Initial Capacity: 64M
 Heap Max Capacity: 2G
 Pre-touch: Disabled
 Parallel Workers: 4
 Concurrent Workers: 1
 Concurrent Refinement Workers: 4
 Periodic GC: Disabled
Heap:
 garbage-first heap   total 270336K, used 161744K [0x0000000080000000, 0x0000000100000000)
  region size 1024K, 7 young (7168K), 7 survivors (7168K)
 Metaspace       used 122206K, committed 125632K, reserved 1179648K
  class space    used 15895K, committed 17536K, reserved 1048576K
GC Heap History (20 events):
Event: 2816.611 GC heap after
{Heap after GC invocations=53 (full 0):
 garbage-first heap   total 217088K, used 127922K [0x0000000080000000, 0x0000000100000000)
  region size 1024K, 7 young (7168K), 7 survivors (7168K)
 Metaspace       used 122215K, committed 124544K, reserved 1179648K
  class space    used 16360K, committed 17536K, reserved 1048576K
}
Event: 2818.374 GC heap before
{Heap before GC invocations=53 (full 0):
 garbage-first heap   total 217088K, used 157618K [0x0000000080000000, 0x0000000100000000)
  region size 1024K, 37 young (37888K), 7 survivors (7168K)
 Metaspace       used 122342K, committed 124608K, reserved 1179648K
  class space    used 16361K, committed 17536K, reserved 1048576K
}
Event: 2818.421 GC heap after
{Heap after GC invocations=54 (full 0):
 garbage-first heap   total 217088K, used 132364K [0x0000000080000000, 0x0000000100000000)
  region size 1024K, 5 young (5120K), 5 survivors (5120K)
 Metaspace       used 122342K, committed 124608K, reserved 1179648K
  class space    used 16361K, committed 17536K, reserved 1048576K
}
Event: 2818.495 GC heap before
{Heap before GC invocations=54 (full 0):
 garbage-first heap   total 217088K, used 133388K [0x0000000080000000, 0x0000000100000000)
  region size 1024K, 7 young (7168K), 5 survivors (5120K)
 Metaspace       used 122346K, committed 124608K, reserved 1179648K
  class space    used 16361K, committed 17536K, reserved 1048576K
}
Event: 2818.534 GC heap after
{Heap after GC invocations=55 (full 0):
 garbage-first heap   total 261120K, used 132519K [0x0000000080000000, 0x0000000100000000)
  region size 1024K, 5 young (5120K), 5 survivors (5120K)
 Metaspace       used 122346K, committed 124608K, reserved 1179648K
  class space    used 16361K, committed 17536K, reserved 1048576K
}
Event: 2831.929 GC heap before
{Heap before GC invocations=56 (full 0):
 garbage-first heap   total 261120K, used 166311K [0x0000000080000000, 0x0000000100000000)
  region size 1024K, 37 young (37888K), 5 survivors (5120K)
 Metaspace       used 119967K, committed 124800K, reserved 1179648K
  class space    used 15761K, committed 17536K, reserved 1048576K
}
Event: 2831.957 GC heap after
{Heap after GC invocations=57 (full 0):
 garbage-first heap   total 261120K, used 133695K [0x0000000080000000, 0x0000000100000000)
  region size 1024K, 2 young (2048K), 2 survivors (2048K)
 Metaspace       used 119967K, committed 124800K, reserved 1179648K
  class space    used 15761K, committed 17536K, reserved 1048576K
}
Event: 2880.456 GC heap before
{Heap before GC invocations=57 (full 0):
 garbage-first heap   total 261120K, used 241215K [0x0000000080000000, 0x0000000100000000)
  region size 1024K, 108 young (110592K), 2 survivors (2048K)
 Metaspace       used 120501K, committed 124928K, reserved 1179648K
  class space    used 15798K, committed 17536K, reserved 1048576K
}
Event: 2880.735 GC heap after
{Heap after GC invocations=58 (full 0):
 garbage-first heap   total 261120K, used 133127K [0x0000000080000000, 0x0000000100000000)
  region size 1024K, 14 young (14336K), 14 survivors (14336K)
 Metaspace       used 120501K, committed 124928K, reserved 1179648K
  class space    used 15798K, committed 17536K, reserved 1048576K
}
Event: 2880.762 GC heap before
{Heap before GC invocations=58 (full 0):
 garbage-first heap   total 261120K, used 134151K [0x0000000080000000, 0x0000000100000000)
  region size 1024K, 15 young (15360K), 14 survivors (14336K)
 Metaspace       used 120501K, committed 124928K, reserved 1179648K
  class space    used 15798K, committed 17536K, reserved 1048576K
}
Event: 2880.885 GC heap after
{Heap after GC invocations=59 (full 0):
 garbage-first heap   total 261120K, used 132540K [0x0000000080000000, 0x0000000100000000)
  region size 1024K, 2 young (2048K), 2 survivors (2048K)
 Metaspace       used 120501K, committed 124928K, reserved 1179648K
  class space    used 15798K, committed 17536K, reserved 1048576K
}
Event: 2882.628 GC heap before
{Heap before GC invocations=59 (full 0):
 garbage-first heap   total 261120K, used 170428K [0x0000000080000000, 0x0000000100000000)
  region size 1024K, 40 young (40960K), 2 survivors (2048K)
 Metaspace       used 120742K, committed 125120K, reserved 1179648K
  class space    used 15800K, committed 17536K, reserved 1048576K
}
Event: 2882.715 GC heap after
{Heap after GC invocations=60 (full 0):
 garbage-first heap   total 261120K, used 137728K [0x0000000080000000, 0x0000000100000000)
  region size 1024K, 5 young (5120K), 5 survivors (5120K)
 Metaspace       used 120742K, committed 125120K, reserved 1179648K
  class space    used 15800K, committed 17536K, reserved 1048576K
}
Event: 2883.648 GC heap before
{Heap before GC invocations=60 (full 0):
 garbage-first heap   total 261120K, used 151040K [0x0000000080000000, 0x0000000100000000)
  region size 1024K, 18 young (18432K), 5 survivors (5120K)
 Metaspace       used 120778K, committed 125120K, reserved 1179648K
  class space    used 15800K, committed 17536K, reserved 1048576K
}
Event: 2883.738 GC heap after
{Heap after GC invocations=61 (full 0):
 garbage-first heap   total 261120K, used 137265K [0x0000000080000000, 0x0000000100000000)
  region size 1024K, 2 young (2048K), 2 survivors (2048K)
 Metaspace       used 120778K, committed 125120K, reserved 1179648K
  class space    used 15800K, committed 17536K, reserved 1048576K
}
Event: 3006.026 GC heap before
{Heap before GC invocations=61 (full 0):
 garbage-first heap   total 261120K, used 226353K [0x0000000080000000, 0x0000000100000000)
  region size 1024K, 90 young (92160K), 2 survivors (2048K)
 Metaspace       used 120977K, committed 125120K, reserved 1179648K
  class space    used 15805K, committed 17536K, reserved 1048576K
}
Event: 3006.117 GC heap after
{Heap after GC invocations=62 (full 0):
 garbage-first heap   total 261120K, used 146164K [0x0000000080000000, 0x0000000100000000)
  region size 1024K, 11 young (11264K), 11 survivors (11264K)
 Metaspace       used 120977K, committed 125120K, reserved 1179648K
  class space    used 15805K, committed 17536K, reserved 1048576K
}
Event: 3007.853 GC heap before
{Heap before GC invocations=62 (full 0):
 garbage-first heap   total 261120K, used 211700K [0x0000000080000000, 0x0000000100000000)
  region size 1024K, 76 young (77824K), 11 survivors (11264K)
 Metaspace       used 121171K, committed 125248K, reserved 1179648K
  class space    used 15814K, committed 17536K, reserved 1048576K
}
Event: 3007.938 GC heap after
{Heap after GC invocations=63 (full 0):
 garbage-first heap   total 261120K, used 160072K [0x0000000080000000, 0x0000000100000000)
  region size 1024K, 10 young (10240K), 10 survivors (10240K)
 Metaspace       used 121171K, committed 125248K, reserved 1179648K
  class space    used 15814K, committed 17536K, reserved 1048576K
}
Event: 3009.943 GC heap before
{Heap before GC invocations=63 (full 0):
 garbage-first heap   total 270336K, used 208200K [0x0000000080000000, 0x0000000100000000)
  region size 1024K, 57 young (58368K), 10 survivors (10240K)
 Metaspace       used 122206K, committed 125632K, reserved 1179648K
  class space    used 15895K, committed 17536K, reserved 1048576K
}

